#1 [internal] load remote build context
#1 DONE 0.0s

#2 copy /context /
#2 DONE 0.4s

#4 [internal] load metadata for docker.io/hexpm/elixir:1.12.1-erlang-24.0.1-alpine-3.13.3
#4 DONE 1.6s

#3 [internal] load metadata for docker.io/library/alpine:3.13.3
#3 DONE 1.6s

#9 [build  1/17] FROM docker.io/hexpm/elixir:1.12.1-erlang-24.0.1-alpine-3.13.3@sha256:4eefe11eb82f277cd82ba5d792b82c0e82f7d41e3a021676b5f1eb107f57b104
#9 resolve docker.io/hexpm/elixir:1.12.1-erlang-24.0.1-alpine-3.13.3@sha256:4eefe11eb82f277cd82ba5d792b82c0e82f7d41e3a021676b5f1eb107f57b104 done
#9 sha256:9aae54b2144e5b2b00c610f8805128f4f86822e1e52d3714c463744a431f0f4a 2.81MB / 2.81MB 0.1s done
#9 sha256:480be353d21f323b390ea49510163474b67e5d1f47729580f539a2d1b62b3e00 0B / 1.62MB 0.2s
#9 sha256:40c24bd810e96c4e2f962e1fb5470f0137ac22fb3ac7b6b8d6844e3b630ab871 0B / 31.85MB 0.2s
#9 sha256:5a35a78aa94a51ed666c3b085c31ddc1baacc8e89b94061e0982e98c6fd31212 0B / 4.87MB 0.2s
#9 sha256:4eefe11eb82f277cd82ba5d792b82c0e82f7d41e3a021676b5f1eb107f57b104 743B / 743B done
#9 sha256:1b127a5d4cc5cacac0fc4770a4ac75e9e5d1c6fe3ddc701268bc6f316ceb6091 1.16kB / 1.16kB done
#9 sha256:65927483596c7e170b1758d4924b443065128ba7e3bc2e9c6ca926336c3e1e1d 2.37kB / 2.37kB done
#9 extracting sha256:9aae54b2144e5b2b00c610f8805128f4f86822e1e52d3714c463744a431f0f4a
#9 ...

#5 [app 1/5] FROM docker.io/library/alpine:3.13.3@sha256:826f70e0ac33e99a72cf20fb0571245a8fee52d68cb26d8bc58e53bfa65dcdfa
#5 resolve docker.io/library/alpine:3.13.3@sha256:826f70e0ac33e99a72cf20fb0571245a8fee52d68cb26d8bc58e53bfa65dcdfa done
#5 sha256:9aae54b2144e5b2b00c610f8805128f4f86822e1e52d3714c463744a431f0f4a 2.81MB / 2.81MB 0.1s done
#5 sha256:826f70e0ac33e99a72cf20fb0571245a8fee52d68cb26d8bc58e53bfa65dcdfa 1.64kB / 1.64kB done
#5 sha256:4266485e304a825d82c375d3584121b53c802e3540d6b520b212a9f0784d56f5 528B / 528B done
#5 sha256:302aba9ce190db9e247d710f4794cc303b169035de2048e76b82c9edbddbef4e 1.47kB / 1.47kB done
#5 DONE 0.3s

#9 [build  1/17] FROM docker.io/hexpm/elixir:1.12.1-erlang-24.0.1-alpine-3.13.3@sha256:4eefe11eb82f277cd82ba5d792b82c0e82f7d41e3a021676b5f1eb107f57b104
#9 extracting sha256:9aae54b2144e5b2b00c610f8805128f4f86822e1e52d3714c463744a431f0f4a 0.1s done
#9 extracting sha256:480be353d21f323b390ea49510163474b67e5d1f47729580f539a2d1b62b3e00 0.1s done
#9 sha256:40c24bd810e96c4e2f962e1fb5470f0137ac22fb3ac7b6b8d6844e3b630ab871 15.73MB / 31.85MB 0.4s
#9 sha256:5a35a78aa94a51ed666c3b085c31ddc1baacc8e89b94061e0982e98c6fd31212 4.87MB / 4.87MB 0.4s
#9 sha256:40c24bd810e96c4e2f962e1fb5470f0137ac22fb3ac7b6b8d6844e3b630ab871 31.85MB / 31.85MB 0.5s done
#9 sha256:5a35a78aa94a51ed666c3b085c31ddc1baacc8e89b94061e0982e98c6fd31212 4.87MB / 4.87MB 0.4s done
#9 extracting sha256:40c24bd810e96c4e2f962e1fb5470f0137ac22fb3ac7b6b8d6844e3b630ab871
#9 extracting sha256:40c24bd810e96c4e2f962e1fb5470f0137ac22fb3ac7b6b8d6844e3b630ab871 0.5s done
#9 extracting sha256:5a35a78aa94a51ed666c3b085c31ddc1baacc8e89b94061e0982e98c6fd31212
#9 extracting sha256:5a35a78aa94a51ed666c3b085c31ddc1baacc8e89b94061e0982e98c6fd31212 0.2s done
#9 DONE 1.3s

#6 [app 2/5] RUN apk add --no-cache libstdc++ openssl ncurses-libs
#6 0.337 fetch https://dl-cdn.alpinelinux.org/alpine/v3.13/main/x86_64/APKINDEX.tar.gz
#6 2.442 fetch https://dl-cdn.alpinelinux.org/alpine/v3.13/community/x86_64/APKINDEX.tar.gz
#6 2.609 (1/5) Installing libgcc (10.2.1_pre1-r3)
#6 2.612 (2/5) Installing libstdc++ (10.2.1_pre1-r3)
#6 2.626 (3/5) Installing ncurses-terminfo-base (6.2_p20210109-r0)
#6 2.630 (4/5) Installing ncurses-libs (6.2_p20210109-r0)
#6 2.636 (5/5) Installing openssl (1.1.1l-r0)
#6 2.644 Executing busybox-1.32.1-r3.trigger
#6 2.650 OK: 9 MiB in 19 packages
#6 DONE 2.8s

#10 [build  2/17] RUN apk add --no-cache build-base npm
#10 0.276 fetch https://dl-cdn.alpinelinux.org/alpine/v3.13/main/x86_64/APKINDEX.tar.gz
#10 1.508 fetch https://dl-cdn.alpinelinux.org/alpine/v3.13/community/x86_64/APKINDEX.tar.gz
#10 1.653 (1/25) Upgrading musl (1.2.2-r0 -> 1.2.2-r1)
#10 1.662 (2/25) Installing binutils (2.35.2-r1)
#10 1.729 (3/25) Installing libmagic (5.39-r0)
#10 1.749 (4/25) Installing file (5.39-r0)
#10 1.751 (5/25) Installing libgomp (10.2.1_pre1-r3)
#10 1.755 (6/25) Installing libatomic (10.2.1_pre1-r3)
#10 ...

#7 [app 3/5] WORKDIR /app
#7 DONE 0.0s

#10 [build  2/17] RUN apk add --no-cache build-base npm
#10 1.870 (7/25) Installing libgphobos (10.2.1_pre1-r3)
#10 1.918 (8/25) Installing gmp (6.2.1-r0)
#10 1.924 (9/25) Installing isl22 (0.22-r0)
#10 1.938 (10/25) Installing mpfr4 (4.1.0-r0)
#10 1.967 (11/25) Installing mpc1 (1.2.0-r0)
#10 1.969 (12/25) Installing gcc (10.2.1_pre1-r3)
#10 ...

#8 [app 4/5] RUN chown nobody:nobody /app
#8 DONE 0.4s

#10 [build  2/17] RUN apk add --no-cache build-base npm
#10 2.573 (13/25) Installing musl-dev (1.2.2-r1)
#10 2.644 (14/25) Installing libc-dev (0.7.2-r3)
#10 2.646 (15/25) Installing g++ (10.2.1_pre1-r3)
#10 3.048 (16/25) Installing make (4.3-r0)
#10 3.055 (17/25) Installing fortify-headers (1.1-r0)
#10 3.059 (18/25) Installing patch (2.7.6-r7)
#10 3.063 (19/25) Installing build-base (0.5-r2)
#10 3.065 (20/25) Installing ca-certificates (20191127-r5)
#10 3.079 (21/25) Installing nghttp2-libs (1.42.0-r1)
#10 3.082 (22/25) Installing brotli-libs (1.0.9-r3)
#10 3.090 (23/25) Installing c-ares (1.17.2-r0)
#10 3.092 (24/25) Installing nodejs (14.18.1-r0)
#10 3.352 (25/25) Installing npm (14.18.1-r0)
#10 3.705 Executing busybox-1.32.1-r3.trigger
#10 3.710 Executing ca-certificates-20191127-r5.trigger
#10 3.756 OK: 262 MiB in 48 packages
#10 DONE 4.0s

#11 [build  3/17] WORKDIR /app
#11 DONE 0.0s

#12 [build  4/17] RUN mix local.hex --force &&     mix local.rebar --force
#12 1.429 * creating /root/.mix/archives/hex-1.0.1
#12 2.176 * creating /root/.mix/rebar
#12 2.234 * creating /root/.mix/rebar3
#12 DONE 2.3s

#13 [build  5/17] COPY mix.exs mix.lock ./
#13 DONE 0.0s

#14 [build  6/17] COPY config config
#14 DONE 0.0s

#15 [build  7/17] RUN mix deps.get --only prod &&     mix deps.compile
#15 1.289 Resolving Hex dependencies...
#15 1.308 Dependency resolution completed:
#15 1.309 Unchanged:
#15 1.309   certifi 2.6.1
#15 1.309   connection 1.1.0
#15 1.309   cowboy 2.9.0
#15 1.309   cowlib 2.11.0
#15 1.309   db_connection 2.4.0
#15 1.309   decimal 2.0.0
#15 1.309   ecto 3.6.2
#15 1.309   ecto_sql 3.6.2
#15 1.309   gettext 0.18.2
#15 1.309   hackney 1.17.4
#15 1.309   httpoison 1.8.0
#15 1.309   idna 6.1.1
#15 1.310   jason 1.2.2
#15 1.310   metrics 1.0.1
#15 1.310   mime 2.0.1
#15 1.310   mimerl 1.2.0
#15 1.310   neuron 5.0.0
#15 1.310   parse_trans 3.3.1
#15 1.310   phoenix 1.6.0-rc.0
#15 1.310   phoenix_ecto 4.3.0
#15 1.310 [33m  phoenix_html 3.0.2 RETIRED![0m
#15 1.310 [33m    (security) The :class attribute in content_tag and in class={@class} for HEEx is not escaped against XSS[0m
#15 1.310   phoenix_live_dashboard 0.5.0
#15 1.311   phoenix_live_view 0.16.1
#15 1.311   phoenix_pubsub 2.0.0
#15 1.311   phoenix_view 1.0.0
#15 1.311   plug 1.12.1
#15 1.311   plug_cowboy 2.3.0
#15 1.311   plug_crypto 1.2.2
#15 1.311   postgrex 0.15.10
#15 1.311   ranch 1.8.0
#15 1.311   recase 0.7.0
#15 1.311   ssl_verify_fun 1.1.6
#15 1.311   telemetry 0.4.3
#15 1.311   telemetry_metrics 0.6.1
#15 1.311   telemetry_poller 0.5.1
#15 1.311   unicode_util_compat 0.7.0
#15 1.334 * Getting phoenix (Hex package)
#15 1.457 * Getting phoenix_ecto (Hex package)
#15 1.461 * Getting ecto_sql (Hex package)
#15 1.476 * Getting postgrex (Hex package)
#15 1.493 * Getting phoenix_live_view (Hex package)
#15 1.515 * Getting phoenix_html (Hex package)
#15 1.519 * Getting phoenix_live_dashboard (Hex package)
#15 1.535 * Getting telemetry_metrics (Hex package)
#15 1.539 * Getting telemetry_poller (Hex package)
#15 1.543 * Getting gettext (Hex package)
#15 1.549 * Getting jason (Hex package)
#15 1.552 * Getting plug_cowboy (Hex package)
#15 1.555 * Getting neuron (Hex package)
#15 1.559 * Getting recase (Hex package)
#15 1.563 * Getting httpoison (Hex package)
#15 1.565 * Getting hackney (Hex package)
#15 1.575 * Getting certifi (Hex package)
#15 1.580 * Getting idna (Hex package)
#15 1.596 * Getting metrics (Hex package)
#15 1.599 * Getting mimerl (Hex package)
#15 1.601 * Getting parse_trans (Hex package)
#15 1.606 * Getting ssl_verify_fun (Hex package)
#15 1.609 * Getting unicode_util_compat (Hex package)
#15 1.614 * Getting cowboy (Hex package)
#15 1.624 * Getting plug (Hex package)
#15 1.637 * Getting telemetry (Hex package)
#15 1.640 * Getting mime (Hex package)
#15 1.642 * Getting plug_crypto (Hex package)
#15 1.646 * Getting cowlib (Hex package)
#15 1.658 * Getting ranch (Hex package)
#15 1.665 * Getting connection (Hex package)
#15 1.667 * Getting db_connection (Hex package)
#15 1.673 * Getting decimal (Hex package)
#15 1.675 * Getting ecto (Hex package)
#15 1.699 * Getting phoenix_pubsub (Hex package)
#15 1.703 * Getting phoenix_view (Hex package)
#15 1.706 You have added/upgraded packages you could sponsor, run `mix hex.sponsor` to learn more
#15 2.855 ===> Analyzing applications...
#15 2.902 ===> Compiling parse_trans
#15 4.315 ===> Analyzing applications...
#15 4.381 ===> Compiling mimerl
#15 5.395 ==> connection
#15 5.395 Compiling 1 file (.ex)
#15 5.654 Generated connection app
#15 6.127 ===> Analyzing applications...
#15 6.155 ===> Compiling metrics
#15 6.958 ===> Analyzing applications...
#15 7.086 ===> Compiling unicode_util_compat
#15 7.911 ===> Analyzing applications...
#15 8.452 ===> Compiling idna
#15 12.63 ==> gettext
#15 12.63 Compiling 1 file (.yrl)
#15 12.67 Compiling 1 file (.erl)
#15 12.76 Compiling 20 files (.ex)
#15 13.36 Generated gettext app
#15 13.40 ==> recase
#15 13.40 Compiling 15 files (.ex)
#15 13.74 Generated recase app
#15 14.36 ===> Analyzing applications...
#15 14.42 ===> Compiling ranch
#15 15.58 ===> Analyzing applications...
#15 15.61 ===> Compiling telemetry
#15 16.09 ==> telemetry_metrics
#15 16.09 Compiling 7 files (.ex)
#15 16.27 Generated telemetry_metrics app
#15 16.73 ===> Analyzing applications...
#15 16.77 ===> Compiling telemetry_poller
#15 17.20 ==> decimal
#15 17.20 Compiling 4 files (.ex)
#15 17.85 Generated decimal app
#15 17.89 ==> jason
#15 17.89 Compiling 8 files (.ex)
#15 19.54 Generated jason app
#15 19.58 ==> ssl_verify_fun
#15 19.58 Compiling 7 files (.erl)
#15 19.63 Generated ssl_verify_fun app
#15 20.07 ===> Analyzing applications...
#15 20.09 ===> Compiling certifi
#15 20.84 ===> Analyzing applications...
#15 20.93 ===> Compiling hackney
#15 21.84 ==> db_connection
#15 21.84 Compiling 14 files (.ex)
#15 22.48 Generated db_connection app
#15 22.51 ==> httpoison
#15 22.51 Compiling 3 files (.ex)
#15 22.98 Generated httpoison app
#15 23.02 ==> neuron
#15 23.02 Compiling 10 files (.ex)
#15 23.16 Generated neuron app
#15 23.18 ==> ecto
#15 23.18 Compiling 56 files (.ex)
#15 26.48 Generated ecto app
#15 26.50 ==> phoenix_pubsub
#15 26.50 Compiling 11 files (.ex)
#15 26.92 Generated phoenix_pubsub app
#15 27.36 ===> Analyzing applications...
#15 27.55 ===> Compiling cowlib
#15 39.54 ===> Analyzing applications...
#15 39.61 ===> Compiling cowboy
#15 40.67 ==> mime
#15 40.67 Compiling 1 file (.ex)
#15 40.77 Generated mime app
#15 40.80 ==> postgrex
#15 40.80 Compiling 61 files (.ex)
#15 45.39 Generated postgrex app
#15 45.46 ==> ecto_sql
#15 45.46 Compiling 26 files (.ex)
#15 46.51 Generated ecto_sql app
#15 46.53 ==> plug_crypto
#15 46.53 Compiling 5 files (.ex)
#15 46.64 Generated plug_crypto app
#15 46.67 ==> plug
#15 46.67 Compiling 1 file (.erl)
#15 46.78 Compiling 41 files (.ex)
#15 48.55 warning: System.stacktrace/0 is deprecated. Use __STACKTRACE__ instead
#15 48.55   lib/plug/conn/wrapper_error.ex:23: Plug.Conn.WrapperError.reraise/3
#15 48.55 
#15 48.60 Generated plug app
#15 48.63 ==> phoenix_html
#15 48.63 Compiling 8 files (.ex)
#15 49.18 Generated phoenix_html app
#15 49.20 ==> phoenix_view
#15 49.20 Compiling 5 files (.ex)
#15 49.36 Generated phoenix_view app
#15 49.39 ==> plug_cowboy
#15 49.39 Compiling 6 files (.ex)
#15 49.54 Generated plug_cowboy app
#15 49.58 ==> phoenix
#15 49.58 Compiling 67 files (.ex)
#15 51.69 Generated phoenix app
#15 51.73 ==> phoenix_live_view
#15 51.73 Compiling 28 files (.ex)
#15 53.65 Generated phoenix_live_view app
#15 53.72 ==> phoenix_live_dashboard
#15 53.72 Compiling 40 files (.ex)
#15 54.83 Generated phoenix_live_dashboard app
#15 54.86 ==> phoenix_ecto
#15 54.86 Compiling 7 files (.ex)
#15 55.13 Generated phoenix_ecto app
#15 DONE 55.2s

#16 [build  8/17] COPY assets/package.json assets/package-lock.json ./assets/
#16 DONE 0.0s

#17 [build  9/17] RUN npm --prefix ./assets ci --progress=false --no-audit --loglevel=error
#17 8.488 
#17 8.488 > fsevents@1.2.13 install /app/assets/node_modules/watchpack-chokidar2/node_modules/fsevents
#17 8.488 > node install.js
#17 8.488 
#17 8.542 
#17 8.543 Skipping 'fsevents' build as platform linux is not supported
#17 9.020 added 1082 packages in 8.237s
#17 DONE 9.5s

#18 [build 10/17] COPY priv priv
#18 DONE 0.0s

#19 [build 11/17] COPY assets assets
#19 DONE 0.0s

#20 [build 12/17] COPY lib lib
#20 DONE 0.0s

#21 [build 13/17] RUN npm run --prefix ./assets deploy
#21 0.532 
#21 0.532 > @ deploy /app/assets
#21 0.532 > NODE_ENV=production node node_modules/webpack/bin/webpack.js --mode production
#21 0.532 
#21 4.203 
#21 4.204 warn - You have enabled the JIT engine which is currently in preview.
#21 4.204 warn - Preview features are not covered by semver, may introduce breaking changes, and can change at any time.
#21 9.991 Hash: ef0dfc5674867c716842
#21 9.991 Version: webpack 4.41.5
#21 9.991 Time: 8376ms
#21 9.991 Built at: 01/14/2022 8:24:55 PM
#21 9.991                                           Asset       Size  Chunks             Chunk Names
#21 9.991                                     ../404.html  124 bytes          [emitted]  
#21 9.991                                     ../422.html  147 bytes          [emitted]  
#21 9.991                                     ../500.html  139 bytes          [emitted]  
#21 9.991             ../apple-touch-icon-precomposed.png    0 bytes          [emitted]  
#21 9.991                         ../apple-touch-icon.png    0 bytes          [emitted]  
#21 9.991                                  ../css/app.css   72.5 KiB       0  [emitted]  app
#21 9.991                                ../css/fonts.css    223 KiB          [emitted]  
#21 9.991                                  ../favicon.ico   1.23 KiB          [emitted]  
#21 9.991                           ../images/phoenix.png   13.6 KiB          [emitted]  
#21 9.991                                   ../robots.txt  203 bytes          [emitted]  
#21 9.991                           ../ui/images/.gitkeep    0 bytes          [emitted]  
#21 9.991                    ../ui/images/about-cover.jpg     28 KiB          [emitted]  
#21 9.991                 ../ui/images/about-cover@2x.jpg   83.8 KiB          [emitted]  
#21 9.991                            ../ui/images/ams.svg  511 bytes          [emitted]  
#21 9.991                          ../ui/images/annie.jpg     14 KiB          [emitted]  
#21 9.991            ../ui/images/articles-background.png   1.92 KiB          [emitted]  
#21 9.991         ../ui/images/articles-background@2x.png   3.99 KiB          [emitted]  
#21 9.991            ../ui/images/articles-foreground.png   36.3 KiB          [emitted]  
#21 9.991         ../ui/images/articles-foreground@2x.png   77.1 KiB          [emitted]  
#21 9.991                            ../ui/images/atl.svg   6.76 KiB          [emitted]  
#21 9.991                      ../ui/images/australia.svg   2.02 KiB          [emitted]  
#21 9.991                         ../ui/images/brazil.svg   9.12 KiB          [emitted]  
#21 9.991                         ../ui/images/canada.svg   1.23 KiB          [emitted]  
#21 9.991                     ../ui/images/cartridges.png   28.4 KiB          [emitted]  
#21 9.991                  ../ui/images/cartridges@2x.png   66.7 KiB          [emitted]  
#21 9.991                            ../ui/images/cdg.svg  477 bytes          [emitted]  
#21 9.991                        ../ui/images/chicago.jpg     19 KiB          [emitted]  
#21 9.991                     ../ui/images/chicago@2x.jpg   52.1 KiB          [emitted]  
#21 9.991                          ../ui/images/chile.svg  689 bytes          [emitted]  
#21 9.991                     ../ui/images/containers.png   24.4 KiB          [emitted]  
#21 9.991                  ../ui/images/containers@2x.png   56.3 KiB          [emitted]  
#21 9.991          ../ui/images/continuous-deployment.jpg   26.9 KiB          [emitted]  
#21 9.991          ../ui/images/continuous-deployment.png   22.4 KiB          [emitted]  
#21 9.991       ../ui/images/continuous-deployment@2x.png   53.8 KiB          [emitted]  
#21 9.991                            ../ui/images/dfw.svg   6.76 KiB          [emitted]  
#21 9.991                            ../ui/images/dxb.svg  576 bytes          [emitted]  
#21 9.991                            ../ui/images/ewr.svg   6.76 KiB          [emitted]  
#21 9.991 ../ui/images/favicon/android-chrome-192x192.png   10.2 KiB          [emitted]  
#21 9.991 ../ui/images/favicon/android-chrome-512x512.png   29.2 KiB          [emitted]  
#21 9.991       ../ui/images/favicon/apple-touch-icon.png    6.2 KiB          [emitted]  
#21 9.991          ../ui/images/favicon/browserconfig.xml  246 bytes          [emitted]  
#21 9.991          ../ui/images/favicon/favicon-16x16.png  849 bytes          [emitted]  
#21 9.991          ../ui/images/favicon/favicon-32x32.png   1.33 KiB          [emitted]  
#21 9.991                ../ui/images/favicon/favicon.ico   14.7 KiB          [emitted]  
#21 9.991         ../ui/images/favicon/mstile-144x144.png   3.82 KiB          [emitted]  
#21 9.991         ../ui/images/favicon/mstile-150x150.png   3.72 KiB          [emitted]  
#21 9.991         ../ui/images/favicon/mstile-310x150.png   4.02 KiB          [emitted]  
#21 9.991         ../ui/images/favicon/mstile-310x310.png   8.04 KiB          [emitted]  
#21 9.991           ../ui/images/favicon/mstile-70x70.png   2.62 KiB          [emitted]  
#21 9.991      ../ui/images/favicon/safari-pinned-tab.svg   2.91 KiB          [emitted]  
#21 9.991           ../ui/images/favicon/site.webmanifest  438 bytes          [emitted]  
#21 9.991             ../ui/images/fly-me-to-the-moon.jpg   66.4 KiB          [emitted]  
#21 9.991          ../ui/images/fly-me-to-the-moon@2x.jpg    120 KiB          [emitted]  
#21 9.991                            ../ui/images/fra.svg  493 bytes          [emitted]  
#21 9.991                         ../ui/images/france.svg  477 bytes          [emitted]  
#21 9.991                        ../ui/images/germany.svg  493 bytes          [emitted]  
#21 9.991                            ../ui/images/gru.svg   9.12 KiB          [emitted]  
#21 9.991                            ../ui/images/hkg.svg   2.88 KiB          [emitted]  
#21 9.991                           ../ui/images/home.jpg   19.6 KiB          [emitted]  
#21 9.991                        ../ui/images/home@2x.jpg   53.6 KiB          [emitted]  
#21 9.991                      ../ui/images/hong-kong.svg   2.88 KiB          [emitted]  
#21 9.991                            ../ui/images/iad.svg   6.76 KiB          [emitted]  
#21 9.991                  ../ui/images/image-service.jpg   26.3 KiB          [emitted]  
#21 9.991                 ../ui/images/imaginary-logo.svg  657 bytes          [emitted]  
#21 9.991                          ../ui/images/india.svg   3.91 KiB          [emitted]  
#21 9.991                          ../ui/images/japan.svg  521 bytes          [emitted]  
#21 9.991                         ../ui/images/jerome.jpg   15.5 KiB          [emitted]  
#21 9.991                     ../ui/images/keydb-logo.svg   1.21 KiB          [emitted]  
#21 9.991                           ../ui/images/kurt.jpg   13.7 KiB          [emitted]  
#21 9.991                           ../ui/images/kyle.jpg   15.9 KiB          [emitted]  
#21 9.991                            ../ui/images/lax.svg   6.76 KiB          [emitted]  
#21 9.991                            ../ui/images/lhr.svg    1.3 KiB          [emitted]  
#21 9.991                  ../ui/images/livebook-logo.png   11.6 KiB          [emitted]  
#21 9.991                         ../ui/images/london.jpg   14.3 KiB          [emitted]  
#21 9.991                            ../ui/images/maa.svg   3.91 KiB          [emitted]  
#21 9.991                            ../ui/images/mad.svg    175 KiB          [emitted]  
#21 9.991                           ../ui/images/mark.jpg   13.8 KiB          [emitted]  
#21 9.991                        ../ui/images/michael.jpg   14.6 KiB          [emitted]  
#21 9.991                       ../ui/images/mux-logo.png   51.1 KiB          [emitted]  
#21 9.991                    ../ui/images/netherlands.svg  511 bytes          [emitted]  
#21 9.991                            ../ui/images/nrt.svg  521 bytes          [emitted]  
#21 9.991                            ../ui/images/ord.svg   6.76 KiB          [emitted]  
#21 9.991                            ../ui/images/otp.svg  493 bytes          [emitted]  
#21 9.991                        ../ui/images/romania.svg  493 bytes          [emitted]  
#21 9.991                   ../ui/images/run-to-users.jpg   18.3 KiB          [emitted]  
#21 9.991                            ../ui/images/scl.svg  689 bytes          [emitted]  
#21 9.991                            ../ui/images/sea.svg   6.76 KiB          [emitted]  
#21 9.991                ../ui/images/session-pattern.png   63.6 KiB          [emitted]  
#21 9.991             ../ui/images/session-pattern@2x.png    116 KiB          [emitted]  
#21 9.991                          ../ui/images/shaun.jpg   14.8 KiB          [emitted]  
#21 9.991                      ../ui/images/shoreline.jpg   44.7 KiB          [emitted]  
#21 9.991                   ../ui/images/shoreline@2x.jpg    123 KiB          [emitted]  
#21 9.991                        ../ui/images/sign-up.jpg     54 KiB          [emitted]  
#21 9.991                     ../ui/images/sign-up@2x.jpg    175 KiB          [emitted]  
#21 9.991                            ../ui/images/sin.svg   1.15 KiB          [emitted]  
#21 9.991                      ../ui/images/singapore.svg   1.15 KiB          [emitted]  
#21 9.991                            ../ui/images/sjc.svg   6.76 KiB          [emitted]  
#21 9.991                      ../ui/images/sky-cover.png   14.6 KiB          [emitted]  
#21 9.991                   ../ui/images/sky-cover@2x.png   31.4 KiB          [emitted]  
#21 9.991                          ../ui/images/spain.svg    175 KiB          [emitted]  
#21 9.991                         ../ui/images/speedy.jpg   19.4 KiB          [emitted]  
#21 9.991                          ../ui/images/steve.jpg   15.7 KiB          [emitted]  
#21 9.991             ../ui/images/super-fast-graphql.jpg   15.9 KiB          [emitted]  
#21 9.991                            ../ui/images/syd.svg   2.02 KiB          [emitted]  
#21 9.991                         ../ui/images/thomas.jpg   23.3 KiB          [emitted]  
#21 9.991                   ../ui/images/turbo-heroku.jpg   20.8 KiB          [emitted]  
#21 9.991                          ../ui/images/turbo.jpg   20.1 KiB          [emitted]  
#21 9.991                          ../ui/images/turbo.png     29 KiB          [emitted]  
#21 9.991                       ../ui/images/turbo@2x.png   75.2 KiB          [emitted]  
#21 9.991                            ../ui/images/uae.svg  576 bytes          [emitted]  
#21 9.991                             ../ui/images/uk.svg    1.3 KiB          [emitted]  
#21 9.991                        ../ui/images/ukraine.svg  334 bytes          [emitted]  
#21 9.991                            ../ui/images/usa.svg   6.76 KiB          [emitted]  
#21 9.991                            ../ui/images/you.jpg   20.1 KiB          [emitted]  
#21 9.991                            ../ui/images/yyz.svg   1.23 KiB          [emitted]  
#21 9.991                                          app.js    105 KiB       0  [emitted]  app
#21 9.991                              app.js.LICENSE.txt  139 bytes          [emitted]  
#21 9.991 Entrypoint app = ../css/app.css app.js
#21 9.991 [1] multi ./js/app.js 28 bytes {0} [built]
#21 9.991 [2] ./css/app.css 39 bytes {0} [built]
#21 9.991 [3] ../deps/phoenix_html/priv/static/phoenix_html.js 2.3 KiB {0} [built]
#21 9.991 [5] ./js/app.js + 2 modules 149 KiB {0} [built]
#21 9.991     | ./js/app.js 1.65 KiB [built]
#21 9.991     | ../deps/phoenix/priv/static/phoenix.esm.js 33.3 KiB [built]
#21 9.991     | ../deps/phoenix_live_view/priv/static/phoenix_live_view.esm.js 114 KiB [built]
#21 9.991     + 3 hidden modules
#21 9.991 Child mini-css-extract-plugin node_modules/css-loader/dist/cjs.js!node_modules/postcss-loader/dist/cjs.js!css/app.css:
#21 9.991     Entrypoint mini-css-extract-plugin = *
#21 9.991     [0] ./node_modules/css-loader/dist/cjs.js!./node_modules/postcss-loader/dist/cjs.js!./css/app.css 118 KiB {0} [built]
#21 9.991         + 1 hidden module
#21 DONE 10.1s

#22 [build 14/17] RUN mix phx.digest
#22 0.995 Compiling 37 files (.ex)
#22 1.174 warning: unused alias TemplateOptions
#22 1.174   lib/fly/client.ex:5
#22 1.174 
#22 2.045 Generated fly app
#22 2.696 Check your digested files at "priv/static"
#22 DONE 2.7s

#23 [build 15/17] COPY lib lib
#23 DONE 0.0s

#24 [build 16/17] COPY rel rel
#24 DONE 0.0s

#25 [build 17/17] RUN mix do compile, release
#25 1.101 * assembling fly-0.1.0 on MIX_ENV=prod
#25 1.102 * using config/runtime.exs to configure the release at runtime
#25 1.249 * creating _build/prod/rel/fly/releases/0.1.0/vm.args
#25 1.250 * creating _build/prod/rel/fly/releases/0.1.0/remote.vm.args
#25 1.298 * creating _build/prod/rel/fly/releases/0.1.0/env.sh
#25 1.311 * creating _build/prod/rel/fly/releases/0.1.0/env.bat
#25 1.313 * skipping elixir.bat for windows (bin/elixir.bat not found in the Elixir installation)
#25 1.314 * skipping iex.bat for windows (bin/iex.bat not found in the Elixir installation)
#25 2.163 
#25 2.163 Release created at _build/prod/rel/fly!
#25 2.163 
#25 2.163     # To start your system
#25 2.163     _build/prod/rel/fly/bin/fly start
#25 2.163 
#25 2.163 Once the release is running:
#25 2.163 
#25 2.163     # To connect to it remotely
#25 2.163     _build/prod/rel/fly/bin/fly remote
#25 2.163 
#25 2.163     # To stop it gracefully (you may also send SIGINT/SIGTERM)
#25 2.163     _build/prod/rel/fly/bin/fly stop
#25 2.163 
#25 2.163 To list all commands:
#25 2.163 
#25 2.163     _build/prod/rel/fly/bin/fly
#25 2.163 
#25 DONE 2.2s

#26 [app 5/5] COPY --from=build --chown=nobody:nobody /app/_build/prod/rel/fly ./
#26 DONE 0.2s

#27 exporting to image
#27 exporting layers
